  [1m[36m (114.8ms)[0m  [1mCREATE TABLE "schema_migrations" ("version" varchar NOT NULL) [0m
  [1m[35m (0.1ms)[0m  select sqlite_version(*)
  [1m[36m (74.6ms)[0m  [1mCREATE UNIQUE INDEX "unique_schema_migrations" ON "schema_migrations" ("version")[0m
  [1m[35mActiveRecord::SchemaMigration Load (0.1ms)[0m  SELECT "schema_migrations".* FROM "schema_migrations"
  [1m[36mActiveRecord::SchemaMigration Load (0.1ms)[0m  [1mSELECT "schema_migrations".* FROM "schema_migrations"[0m
Migrating to CreateMaestranoConnectorRailsUsers (20151209134445)
  [1m[35m (0.0ms)[0m  begin transaction
  [1m[36m (0.3ms)[0m  [1mCREATE TABLE "maestrano_connector_rails_users" ("id" INTEGER PRIMARY KEY AUTOINCREMENT NOT NULL, "provider" varchar, "uid" varchar, "first_name" varchar, "last_name" varchar, "email" varchar, "tenant" varchar, "created_at" datetime NOT NULL, "updated_at" datetime NOT NULL) [0m
  [1m[35m (0.0ms)[0m  select sqlite_version(*)
  [1m[36m (0.1ms)[0m  [1mCREATE  INDEX "user_uid_index" ON "maestrano_connector_rails_users" ("uid", "tenant")[0m
  [1m[35mSQL (0.2ms)[0m  INSERT INTO "schema_migrations" ("version") VALUES (?)  [["version", "20151209134445"]]
  [1m[36m (129.0ms)[0m  [1mcommit transaction[0m
Migrating to CreateMaestranoConnectorRailsOrganizations (20151209134446)
  [1m[35m (0.1ms)[0m  begin transaction
  [1m[36m (0.2ms)[0m  [1mCREATE TABLE "maestrano_connector_rails_organizations" ("id" INTEGER PRIMARY KEY AUTOINCREMENT NOT NULL, "provider" varchar, "uid" varchar, "name" varchar, "tenant" varchar, "oauth_provider" varchar, "oauth_uid" varchar, "oauth_token" varchar, "refresh_token" varchar, "instance_url" varchar, "synchronized_entities" varchar, "created_at" datetime NOT NULL, "updated_at" datetime NOT NULL) [0m
  [1m[35m (0.1ms)[0m  CREATE  INDEX "orga_uid_index" ON "maestrano_connector_rails_organizations" ("uid", "tenant")
  [1m[36mSQL (0.1ms)[0m  [1mINSERT INTO "schema_migrations" ("version") VALUES (?)[0m  [["version", "20151209134446"]]
  [1m[35m (114.7ms)[0m  commit transaction
Migrating to CreateMaestranoConnectorRailsUserOrganizationRels (20151209134447)
  [1m[36m (0.1ms)[0m  [1mbegin transaction[0m
DEPRECATION WARNING: `#timestamps` was called without specifying an option for `null`. In Rails 5, this behavior will change to `null: false`. You should manually specify `null: true` to prevent the behavior of your existing migrations from changing. (called from block in change at /home/pierre/Workspace/maestrano-connector-rails/spec/dummy/db/migrate/20151209134447_create_maestrano_connector_rails_user_organization_rels.maestrano_connector_rails.rb:8)
  [1m[35m (0.3ms)[0m  CREATE TABLE "maestrano_connector_rails_user_organization_rels" ("id" INTEGER PRIMARY KEY AUTOINCREMENT NOT NULL, "user_id" integer, "organization_id" integer, "created_at" datetime, "updated_at" datetime) 
  [1m[36m (0.1ms)[0m  [1mCREATE  INDEX "rels_orga_index" ON "maestrano_connector_rails_user_organization_rels" ("organization_id")[0m
  [1m[35m (0.1ms)[0m              SELECT sql
            FROM sqlite_master
            WHERE name='rels_orga_index' AND type='index'
            UNION ALL
            SELECT sql
            FROM sqlite_temp_master
            WHERE name='rels_orga_index' AND type='index'

  [1m[36m (0.1ms)[0m  [1mCREATE  INDEX "rels_user_index" ON "maestrano_connector_rails_user_organization_rels" ("user_id")[0m
  [1m[35mSQL (0.1ms)[0m  INSERT INTO "schema_migrations" ("version") VALUES (?)  [["version", "20151209134447"]]
  [1m[36m (114.0ms)[0m  [1mcommit transaction[0m
Migrating to CreateMaestranoConnectorRailsSynchronizations (20151209134448)
  [1m[35m (0.1ms)[0m  begin transaction
  [1m[36m (0.2ms)[0m  [1mCREATE TABLE "maestrano_connector_rails_synchronizations" ("id" INTEGER PRIMARY KEY AUTOINCREMENT NOT NULL, "organization_id" integer, "status" varchar, "message" text, "partial" boolean DEFAULT 'f', "created_at" datetime NOT NULL, "updated_at" datetime NOT NULL) [0m
  [1m[35m (0.1ms)[0m  CREATE  INDEX "synchronization_orga_id_index" ON "maestrano_connector_rails_synchronizations" ("organization_id")
  [1m[36mSQL (0.1ms)[0m  [1mINSERT INTO "schema_migrations" ("version") VALUES (?)[0m  [["version", "20151209134448"]]
  [1m[35m (97.9ms)[0m  commit transaction
Migrating to CreateMaestranoConnectorRailsIdMaps (20151209134449)
  [1m[36m (0.1ms)[0m  [1mbegin transaction[0m
  [1m[35m (0.3ms)[0m  CREATE TABLE "maestrano_connector_rails_id_maps" ("id" INTEGER PRIMARY KEY AUTOINCREMENT NOT NULL, "connec_id" varchar, "connec_entity" varchar, "external_id" varchar, "external_entity" varchar, "organization_id" integer, "last_push_to_connec" datetime, "last_push_to_external" datetime, "created_at" datetime NOT NULL, "updated_at" datetime NOT NULL) 
  [1m[36m (0.1ms)[0m  [1mCREATE  INDEX "idmap_connec_index" ON "maestrano_connector_rails_id_maps" ("connec_id", "connec_entity", "organization_id")[0m
  [1m[35m (0.1ms)[0m              SELECT sql
            FROM sqlite_master
            WHERE name='idmap_connec_index' AND type='index'
            UNION ALL
            SELECT sql
            FROM sqlite_temp_master
            WHERE name='idmap_connec_index' AND type='index'

  [1m[36m (0.1ms)[0m  [1mCREATE  INDEX "idmap_external_index" ON "maestrano_connector_rails_id_maps" ("external_id", "external_entity", "organization_id")[0m
  [1m[35m (0.0ms)[0m              SELECT sql
            FROM sqlite_master
            WHERE name='idmap_external_index' AND type='index'
            UNION ALL
            SELECT sql
            FROM sqlite_temp_master
            WHERE name='idmap_external_index' AND type='index'

  [1m[36m (0.0ms)[0m  [1m            SELECT sql
            FROM sqlite_master
            WHERE name='idmap_connec_index' AND type='index'
            UNION ALL
            SELECT sql
            FROM sqlite_temp_master
            WHERE name='idmap_connec_index' AND type='index'
[0m
  [1m[35m (0.1ms)[0m  CREATE  INDEX "idmap_organization_index" ON "maestrano_connector_rails_id_maps" ("organization_id")
  [1m[36mSQL (0.1ms)[0m  [1mINSERT INTO "schema_migrations" ("version") VALUES (?)[0m  [["version", "20151209134449"]]
  [1m[35m (96.7ms)[0m  commit transaction
  [1m[36mActiveRecord::SchemaMigration Load (0.1ms)[0m  [1mSELECT "schema_migrations".* FROM "schema_migrations"[0m
  [1m[35m (0.1ms)[0m              SELECT sql
            FROM sqlite_master
            WHERE name='idmap_organization_index' AND type='index'
            UNION ALL
            SELECT sql
            FROM sqlite_temp_master
            WHERE name='idmap_organization_index' AND type='index'

  [1m[36m (0.1ms)[0m  [1m            SELECT sql
            FROM sqlite_master
            WHERE name='idmap_external_index' AND type='index'
            UNION ALL
            SELECT sql
            FROM sqlite_temp_master
            WHERE name='idmap_external_index' AND type='index'
[0m
  [1m[35m (0.1ms)[0m              SELECT sql
            FROM sqlite_master
            WHERE name='idmap_connec_index' AND type='index'
            UNION ALL
            SELECT sql
            FROM sqlite_temp_master
            WHERE name='idmap_connec_index' AND type='index'

  [1m[36m (0.1ms)[0m  [1m            SELECT sql
            FROM sqlite_master
            WHERE name='orga_uid_index' AND type='index'
            UNION ALL
            SELECT sql
            FROM sqlite_temp_master
            WHERE name='orga_uid_index' AND type='index'
[0m
  [1m[35m (0.1ms)[0m              SELECT sql
            FROM sqlite_master
            WHERE name='synchronization_orga_id_index' AND type='index'
            UNION ALL
            SELECT sql
            FROM sqlite_temp_master
            WHERE name='synchronization_orga_id_index' AND type='index'

  [1m[36m (0.1ms)[0m  [1m            SELECT sql
            FROM sqlite_master
            WHERE name='rels_user_index' AND type='index'
            UNION ALL
            SELECT sql
            FROM sqlite_temp_master
            WHERE name='rels_user_index' AND type='index'
[0m
  [1m[35m (0.1ms)[0m              SELECT sql
            FROM sqlite_master
            WHERE name='rels_orga_index' AND type='index'
            UNION ALL
            SELECT sql
            FROM sqlite_temp_master
            WHERE name='rels_orga_index' AND type='index'

  [1m[36m (0.1ms)[0m  [1m            SELECT sql
            FROM sqlite_master
            WHERE name='user_uid_index' AND type='index'
            UNION ALL
            SELECT sql
            FROM sqlite_temp_master
            WHERE name='user_uid_index' AND type='index'
[0m
